IQ-TREE multicore version 2.1.2 COVID-edition for Mac OS X 64-bit built Mar 30 2021
Developed by Bui Quang Minh, James Barbetti, Nguyen Lam Tung,
Olga Chernomor, Heiko Schmidt, Dominik Schrempf, Michael Woodhams.

Host:    Briannas-MacBook-Pro-2.local (AVX2, FMA3, 8 GB RAM)
Command: iqtree2 -ninit 2 -n 2 -me 0.05 -nt 2 -s results/global/aligned-delim.fasta -m GTR -ninit 10 -n 4
Seed:    968192 (Using SPRNG - Scalable Parallel Random Number Generator)
Time:    Sun Jul  4 12:27:11 2021
Kernel:  AVX+FMA - 2 threads (4 CPU cores detected)

Reading alignment file results/global/aligned-delim.fasta ... Fasta format detected
Alignment most likely contains DNA/RNA sequences
WARNING: 153 sites contain only gaps or ambiguous characters.
Alignment has 151 sequences with 29903 columns, 1117 distinct patterns
60 parsimony-informative, 242 singleton sites, 29601 constant sites
                                                                                                                  Gap/Ambiguity  Composition  p-value
   1  Wuhan_DELIM-PVCKOPPQCRINIZFLXURE_Hu-1_DELIM-PVCKOPPQCRINIZFLXURE_2019                                               0.51%    passed     99.97%
   2  Wuhan_DELIM-PVCKOPPQCRINIZFLXURE_WH01_DELIM-PVCKOPPQCRINIZFLXURE_2019                                               0.51%    passed     99.96%
   3  SAMPLE                                                                                                              0.57%    passed     99.99%
   4  Australia_DELIM-PVCKOPPQCRINIZFLXURE_VIC1008_DELIM-PVCKOPPQCRINIZFLXURE_2020                                        1.16%    passed     99.96%
   5  Australia_DELIM-PVCKOPPQCRINIZFLXURE_VIC1018_DELIM-PVCKOPPQCRINIZFLXURE_2020                                        1.14%    passed     99.99%
   6  Australia_DELIM-PVCKOPPQCRINIZFLXURE_VIC102_DELIM-PVCKOPPQCRINIZFLXURE_2020                                         1.72%    passed     99.88%
   7  Australia_DELIM-PVCKOPPQCRINIZFLXURE_VIC1038_DELIM-PVCKOPPQCRINIZFLXURE_2020                                        2.15%    passed     99.42%
   8  Australia_DELIM-PVCKOPPQCRINIZFLXURE_VIC1045_DELIM-PVCKOPPQCRINIZFLXURE_2020                                        1.31%    passed     99.94%
   9  Australia_DELIM-PVCKOPPQCRINIZFLXURE_VIC1048_DELIM-PVCKOPPQCRINIZFLXURE_2020                                        1.46%    passed     99.92%
  10  Australia_DELIM-PVCKOPPQCRINIZFLXURE_VIC1062_DELIM-PVCKOPPQCRINIZFLXURE_2020                                        0.51%    passed     99.99%
  11  Australia_DELIM-PVCKOPPQCRINIZFLXURE_VIC1120_DELIM-PVCKOPPQCRINIZFLXURE_2020                                        6.06%    passed     97.08%
  12  Australia_DELIM-PVCKOPPQCRINIZFLXURE_VIC1135_DELIM-PVCKOPPQCRINIZFLXURE_2020                                        0.51%    passed    100.00%
  13  Australia_DELIM-PVCKOPPQCRINIZFLXURE_VIC1139_DELIM-PVCKOPPQCRINIZFLXURE_2020                                        1.13%    passed     99.99%
  14  Australia_DELIM-PVCKOPPQCRINIZFLXURE_VIC1175_DELIM-PVCKOPPQCRINIZFLXURE_2020                                        2.28%    passed     99.88%
  15  Australia_DELIM-PVCKOPPQCRINIZFLXURE_VIC1186_DELIM-PVCKOPPQCRINIZFLXURE_2020                                        1.99%    passed     99.43%
  16  Australia_DELIM-PVCKOPPQCRINIZFLXURE_VIC1199_DELIM-PVCKOPPQCRINIZFLXURE_2020                                        1.29%    passed    100.00%
  17  Australia_DELIM-PVCKOPPQCRINIZFLXURE_VIC1208_DELIM-PVCKOPPQCRINIZFLXURE_2020                                        1.19%    passed     99.97%
  18  Australia_DELIM-PVCKOPPQCRINIZFLXURE_VIC1251_DELIM-PVCKOPPQCRINIZFLXURE_2020                                        6.02%    passed     94.97%
  19  Australia_DELIM-PVCKOPPQCRINIZFLXURE_VIC14_DELIM-PVCKOPPQCRINIZFLXURE_2020                                          2.29%    passed     99.96%
  20  Australia_DELIM-PVCKOPPQCRINIZFLXURE_VIC259_DELIM-PVCKOPPQCRINIZFLXURE_2020                                         0.56%    passed    100.00%
  21  Australia_DELIM-PVCKOPPQCRINIZFLXURE_VIC319_DELIM-PVCKOPPQCRINIZFLXURE_2020                                         0.52%    passed     99.99%
  22  Australia_DELIM-PVCKOPPQCRINIZFLXURE_VIC329_DELIM-PVCKOPPQCRINIZFLXURE_2020                                         1.47%    passed     99.41%
  23  Australia_DELIM-PVCKOPPQCRINIZFLXURE_VIC330_DELIM-PVCKOPPQCRINIZFLXURE_2020                                         2.00%    passed     99.73%
  24  Australia_DELIM-PVCKOPPQCRINIZFLXURE_VIC380_DELIM-PVCKOPPQCRINIZFLXURE_2020                                         2.29%    passed     99.98%
  25  Australia_DELIM-PVCKOPPQCRINIZFLXURE_VIC385_DELIM-PVCKOPPQCRINIZFLXURE_2020                                         0.78%    passed     94.19%
  26  Australia_DELIM-PVCKOPPQCRINIZFLXURE_VIC413_DELIM-PVCKOPPQCRINIZFLXURE_2020                                         2.90%    passed     24.18%
  27  Australia_DELIM-PVCKOPPQCRINIZFLXURE_VIC534_DELIM-PVCKOPPQCRINIZFLXURE_2020                                         2.09%    passed     99.32%
  28  Australia_DELIM-PVCKOPPQCRINIZFLXURE_VIC549_DELIM-PVCKOPPQCRINIZFLXURE_2020                                         2.43%    passed     70.78%
  29  Australia_DELIM-PVCKOPPQCRINIZFLXURE_VIC734_DELIM-PVCKOPPQCRINIZFLXURE_2020                                         1.14%    passed     99.97%
  30  Australia_DELIM-PVCKOPPQCRINIZFLXURE_VIC767_DELIM-PVCKOPPQCRINIZFLXURE_2020                                         2.90%    passed     97.83%
  31  Australia_DELIM-PVCKOPPQCRINIZFLXURE_VIC797_DELIM-PVCKOPPQCRINIZFLXURE_2020                                         1.64%    passed     99.78%
  32  Australia_DELIM-PVCKOPPQCRINIZFLXURE_VIC800_DELIM-PVCKOPPQCRINIZFLXURE_2020                                         1.18%    passed     99.95%
  33  Australia_DELIM-PVCKOPPQCRINIZFLXURE_VIC803_DELIM-PVCKOPPQCRINIZFLXURE_2020                                         2.45%    passed     97.68%
  34  Australia_DELIM-PVCKOPPQCRINIZFLXURE_VIC82_DELIM-PVCKOPPQCRINIZFLXURE_2020                                          0.55%    passed     99.98%
  35  Australia_DELIM-PVCKOPPQCRINIZFLXURE_VIC824_DELIM-PVCKOPPQCRINIZFLXURE_2020                                         0.53%    passed    100.00%
  36  Australia_DELIM-PVCKOPPQCRINIZFLXURE_VIC851_DELIM-PVCKOPPQCRINIZFLXURE_2020                                         2.30%    passed     99.83%
  37  Australia_DELIM-PVCKOPPQCRINIZFLXURE_VIC92_DELIM-PVCKOPPQCRINIZFLXURE_2020                                          0.54%    passed     99.98%
  38  Australia_DELIM-PVCKOPPQCRINIZFLXURE_VIC969_DELIM-PVCKOPPQCRINIZFLXURE_2020                                         6.67%    passed     93.52%
  39  Australia_DELIM-PVCKOPPQCRINIZFLXURE_VIC970_DELIM-PVCKOPPQCRINIZFLXURE_2020                                         4.55%    passed     95.07%
  40  China_DELIM-PVCKOPPQCRINIZFLXURE_Beijing_IME-BJ05_DELIM-PVCKOPPQCRINIZFLXURE_2020                                   0.51%    passed     99.99%
  41  China_DELIM-PVCKOPPQCRINIZFLXURE_WHUHnCoV020_DELIM-PVCKOPPQCRINIZFLXURE_2020                                        0.93%    passed     99.96%
  42  China_DELIM-PVCKOPPQCRINIZFLXURE_Wuhan_YB012611_DELIM-PVCKOPPQCRINIZFLXURE_2020                                     0.51%    passed     99.90%
  43  ENV_DELIM-PVCKOPPQCRINIZFLXURE_USA_DELIM-PVCKOPPQCRINIZFLXURE_UF-11_DELIM-PVCKOPPQCRINIZFLXURE_2020                 0.51%    passed     99.98%
  44  France_DELIM-PVCKOPPQCRINIZFLXURE_10006HC_DELIM-PVCKOPPQCRINIZFLXURE_2020                                           0.51%    passed     99.99%
  45  France_DELIM-PVCKOPPQCRINIZFLXURE_10015BY_DELIM-PVCKOPPQCRINIZFLXURE_2020                                           0.51%    passed    100.00%
  46  France_DELIM-PVCKOPPQCRINIZFLXURE_10023FD_DELIM-PVCKOPPQCRINIZFLXURE_2020                                           0.51%    passed     99.99%
  47  France_DELIM-PVCKOPPQCRINIZFLXURE_10041MR_DELIM-PVCKOPPQCRINIZFLXURE_2020                                           0.51%    passed    100.00%
  48  France_DELIM-PVCKOPPQCRINIZFLXURE_10045DZ_DELIM-PVCKOPPQCRINIZFLXURE_2020                                           0.51%    passed    100.00%
  49  France_DELIM-PVCKOPPQCRINIZFLXURE_10060KV_DELIM-PVCKOPPQCRINIZFLXURE_2020                                           0.51%    passed     99.97%
  50  France_DELIM-PVCKOPPQCRINIZFLXURE_10068ND_DELIM-PVCKOPPQCRINIZFLXURE_2020                                           0.51%    passed     99.97%
  51  France_DELIM-PVCKOPPQCRINIZFLXURE_10078MA_DELIM-PVCKOPPQCRINIZFLXURE_2020                                           0.51%    passed     99.99%
  52  France_DELIM-PVCKOPPQCRINIZFLXURE_40003KA_DELIM-PVCKOPPQCRINIZFLXURE_2020                                           0.51%    passed    100.00%
  53  France_DELIM-PVCKOPPQCRINIZFLXURE_50001AR_DELIM-PVCKOPPQCRINIZFLXURE_2020                                           0.51%    passed    100.00%
  54  Germany_DELIM-PVCKOPPQCRINIZFLXURE_BavPat1-ChVir929_DELIM-PVCKOPPQCRINIZFLXURE_2020                                 0.57%    passed     99.97%
  55  Germany_DELIM-PVCKOPPQCRINIZFLXURE_BavPat3-ChVir1020_DELIM-PVCKOPPQCRINIZFLXURE_2020                                0.51%    passed     99.98%
  56  Greece_DELIM-PVCKOPPQCRINIZFLXURE_139_32716_DELIM-PVCKOPPQCRINIZFLXURE_2020                                         0.55%    passed     99.98%
  57  Greece_DELIM-PVCKOPPQCRINIZFLXURE_222_33921_DELIM-PVCKOPPQCRINIZFLXURE_2020                                         0.68%    passed     99.95%
  58  Greece_DELIM-PVCKOPPQCRINIZFLXURE_226_35576_DELIM-PVCKOPPQCRINIZFLXURE_2020                                         0.55%    passed     99.98%
  59  Greece_DELIM-PVCKOPPQCRINIZFLXURE_227_35969_DELIM-PVCKOPPQCRINIZFLXURE_2020                                         0.60%    passed     99.95%
  60  Greece_DELIM-PVCKOPPQCRINIZFLXURE_246_32206_DELIM-PVCKOPPQCRINIZFLXURE_2020                                         0.55%    passed     99.99%
  61  Greece_DELIM-PVCKOPPQCRINIZFLXURE_248_32261_DELIM-PVCKOPPQCRINIZFLXURE_2020                                         0.55%    passed     99.98%
  62  Greece_DELIM-PVCKOPPQCRINIZFLXURE_259_31928_DELIM-PVCKOPPQCRINIZFLXURE_2020                                         0.55%    passed     99.98%
  63  Greece_DELIM-PVCKOPPQCRINIZFLXURE_37_35684_DELIM-PVCKOPPQCRINIZFLXURE_2020                                          0.55%    passed     99.98%
  64  Greece_DELIM-PVCKOPPQCRINIZFLXURE_41_36861_DELIM-PVCKOPPQCRINIZFLXURE_2020                                          0.55%    passed     99.99%
  65  Guam_DELIM-PVCKOPPQCRINIZFLXURE_GU-NHG-01_DELIM-PVCKOPPQCRINIZFLXURE_2020                                           0.51%    passed    100.00%
  66  Hangzhou_DELIM-PVCKOPPQCRINIZFLXURE_HZ-1_DELIM-PVCKOPPQCRINIZFLXURE_2020                                            0.57%    passed     99.94%
  67  India_DELIM-PVCKOPPQCRINIZFLXURE_GBRC14_DELIM-PVCKOPPQCRINIZFLXURE_2020                                             1.06%    passed     99.95%
  68  India_DELIM-PVCKOPPQCRINIZFLXURE_GBRC20_DELIM-PVCKOPPQCRINIZFLXURE_2020                                             0.55%    passed     99.99%
  69  India_DELIM-PVCKOPPQCRINIZFLXURE_GBRC21_DELIM-PVCKOPPQCRINIZFLXURE_2020                                             0.72%    passed     99.94%
  70  India_DELIM-PVCKOPPQCRINIZFLXURE_GBRC26_DELIM-PVCKOPPQCRINIZFLXURE_2020                                             0.66%    passed     99.98%
  71  India_DELIM-PVCKOPPQCRINIZFLXURE_GBRC29_DELIM-PVCKOPPQCRINIZFLXURE_2020                                             0.55%    passed     99.97%
  72  India_DELIM-PVCKOPPQCRINIZFLXURE_GBRC51_DELIM-PVCKOPPQCRINIZFLXURE_2020                                             0.55%    passed    100.00%
  73  India_DELIM-PVCKOPPQCRINIZFLXURE_GBRC56a_DELIM-PVCKOPPQCRINIZFLXURE_2020                                            0.55%    passed    100.00%
  74  India_DELIM-PVCKOPPQCRINIZFLXURE_GBRC8_DELIM-PVCKOPPQCRINIZFLXURE_2020                                              0.55%    passed    100.00%
  75  India_DELIM-PVCKOPPQCRINIZFLXURE_GBRC85_DELIM-PVCKOPPQCRINIZFLXURE_2020                                             0.55%    passed    100.00%
  76  India_DELIM-PVCKOPPQCRINIZFLXURE_GBRC88a_DELIM-PVCKOPPQCRINIZFLXURE_2020                                            0.55%    passed     99.98%
  77  India_DELIM-PVCKOPPQCRINIZFLXURE_GBRC9_DELIM-PVCKOPPQCRINIZFLXURE_2020                                              0.69%    passed     99.97%
  78  India_DELIM-PVCKOPPQCRINIZFLXURE_GBRC96_DELIM-PVCKOPPQCRINIZFLXURE_2020                                             0.80%    passed     99.95%
  79  India_DELIM-PVCKOPPQCRINIZFLXURE_GBRC97a_DELIM-PVCKOPPQCRINIZFLXURE_2020                                            0.55%    passed    100.00%
  80  India_DELIM-PVCKOPPQCRINIZFLXURE_GMC-KP1125_DELIM-PVCKOPPQCRINIZFLXURE_2020                                         0.51%    passed    100.00%
  81  India_DELIM-PVCKOPPQCRINIZFLXURE_GMCKN318_DELIM-PVCKOPPQCRINIZFLXURE_2020                                           0.51%    passed     99.99%
  82  India_DELIM-PVCKOPPQCRINIZFLXURE_GMCTC469_DELIM-PVCKOPPQCRINIZFLXURE_2020                                           0.51%    passed     99.99%
  83  India_DELIM-PVCKOPPQCRINIZFLXURE_nimh-2873_DELIM-PVCKOPPQCRINIZFLXURE_2020                                          2.18%    passed     99.92%
  84  India_DELIM-PVCKOPPQCRINIZFLXURE_nimh-3952_DELIM-PVCKOPPQCRINIZFLXURE_2020                                          2.27%    passed     99.84%
  85  Iran_DELIM-PVCKOPPQCRINIZFLXURE_HGRC-1.1-IPI-8206_DELIM-PVCKOPPQCRINIZFLXURE_2020                                   0.51%    passed     99.99%
  86  Jamaica_DELIM-PVCKOPPQCRINIZFLXURE_JM-CDC-7286_DELIM-PVCKOPPQCRINIZFLXURE_2020                                      0.51%    passed    100.00%
  87  Japan_DELIM-PVCKOPPQCRINIZFLXURE_P4-6_DELIM-PVCKOPPQCRINIZFLXURE_2020                                               0.51%    passed    100.00%
  88  Malaysia_DELIM-PVCKOPPQCRINIZFLXURE_189332_DELIM-PVCKOPPQCRINIZFLXURE_2020                                          0.51%    passed     99.99%
  89  Spain_DELIM-PVCKOPPQCRINIZFLXURE_Valencia002_DELIM-PVCKOPPQCRINIZFLXURE_2020                                        5.89%    passed     99.22%
  90  Spain_DELIM-PVCKOPPQCRINIZFLXURE_Valencia003_DELIM-PVCKOPPQCRINIZFLXURE_2020                                        0.57%    passed     99.99%
  91  Spain_DELIM-PVCKOPPQCRINIZFLXURE_Valencia22_DELIM-PVCKOPPQCRINIZFLXURE_2020                                         4.43%    passed     99.62%
  92  Spain_DELIM-PVCKOPPQCRINIZFLXURE_Valencia8_DELIM-PVCKOPPQCRINIZFLXURE_2020                                          0.57%    passed     99.99%
  93  SriLanka_DELIM-PVCKOPPQCRINIZFLXURE_COV38_DELIM-PVCKOPPQCRINIZFLXURE_2020                                           0.51%    passed     99.98%
  94  Taiwan_DELIM-PVCKOPPQCRINIZFLXURE_CGMH-CGU-07_DELIM-PVCKOPPQCRINIZFLXURE_2020                                       0.51%    passed     99.99%
  95  Thailand_DELIM-PVCKOPPQCRINIZFLXURE_SI200615-NT_DELIM-PVCKOPPQCRINIZFLXURE_2020                                     0.88%    passed     99.93%
  96  Thailand_DELIM-PVCKOPPQCRINIZFLXURE_SI204487-NT_DELIM-PVCKOPPQCRINIZFLXURE_2020                                     0.87%    passed     99.96%
  97  Thailand_DELIM-PVCKOPPQCRINIZFLXURE_SI204512-NT_DELIM-PVCKOPPQCRINIZFLXURE_2020                                     0.92%    passed     99.98%
  98  Thailand_DELIM-PVCKOPPQCRINIZFLXURE_SI204514-NT_DELIM-PVCKOPPQCRINIZFLXURE_2020                                     0.57%    passed     99.99%
  99  USA_DELIM-PVCKOPPQCRINIZFLXURE_AK178_DELIM-PVCKOPPQCRINIZFLXURE_2020                                                0.51%    passed    100.00%
 100  USA_DELIM-PVCKOPPQCRINIZFLXURE_CA-CDPH-UC28_DELIM-PVCKOPPQCRINIZFLXURE_2020                                         1.53%    passed     98.96%
 101  USA_DELIM-PVCKOPPQCRINIZFLXURE_CA-CZB-1033_DELIM-PVCKOPPQCRINIZFLXURE_2020                                          0.51%    passed     99.98%
 102  USA_DELIM-PVCKOPPQCRINIZFLXURE_CA-CZB-1045_DELIM-PVCKOPPQCRINIZFLXURE_2020                                          0.51%    passed     99.95%
 103  USA_DELIM-PVCKOPPQCRINIZFLXURE_CA-CZB-1092_DELIM-PVCKOPPQCRINIZFLXURE_2020                                          0.51%    passed     99.96%
 104  USA_DELIM-PVCKOPPQCRINIZFLXURE_CA-CZB-1114_DELIM-PVCKOPPQCRINIZFLXURE_2020                                          8.04%    passed     97.34%
 105  USA_DELIM-PVCKOPPQCRINIZFLXURE_CA-CZB-1136_DELIM-PVCKOPPQCRINIZFLXURE_2020                                          0.51%    passed    100.00%
 106  USA_DELIM-PVCKOPPQCRINIZFLXURE_CA-CZB0137_DELIM-PVCKOPPQCRINIZFLXURE_2020                                           0.51%    passed    100.00%
 107  USA_DELIM-PVCKOPPQCRINIZFLXURE_CT-UW-5773_DELIM-PVCKOPPQCRINIZFLXURE_2020                                           0.51%    passed    100.00%
 108  USA_DELIM-PVCKOPPQCRINIZFLXURE_CT-UW423_DELIM-PVCKOPPQCRINIZFLXURE_2020                                             0.51%    passed     99.97%
 109  USA_DELIM-PVCKOPPQCRINIZFLXURE_FL_5125_DELIM-PVCKOPPQCRINIZFLXURE_2020                                              0.51%    passed    100.00%
 110  USA_DELIM-PVCKOPPQCRINIZFLXURE_GA_2742_DELIM-PVCKOPPQCRINIZFLXURE_2020                                              0.51%    passed     99.99%
 111  USA_DELIM-PVCKOPPQCRINIZFLXURE_ID-UW-6472_DELIM-PVCKOPPQCRINIZFLXURE_2020                                           0.58%    passed     99.98%
 112  USA_DELIM-PVCKOPPQCRINIZFLXURE_LA-BIE-072_DELIM-PVCKOPPQCRINIZFLXURE_2020                                           4.23%    passed     99.92%
 113  USA_DELIM-PVCKOPPQCRINIZFLXURE_MI-MDHHS-SC20169_DELIM-PVCKOPPQCRINIZFLXURE_2020                                     0.61%    passed     99.96%
 114  USA_DELIM-PVCKOPPQCRINIZFLXURE_MI-MDHHS-SC20252_DELIM-PVCKOPPQCRINIZFLXURE_2020                                     4.08%    passed     99.02%
 115  USA_DELIM-PVCKOPPQCRINIZFLXURE_MI-MDHHS-SC20284_DELIM-PVCKOPPQCRINIZFLXURE_2020                                     1.45%    passed     99.91%
 116  USA_DELIM-PVCKOPPQCRINIZFLXURE_NY-PV08138_DELIM-PVCKOPPQCRINIZFLXURE_2020                                           0.75%    passed     99.98%
 117  USA_DELIM-PVCKOPPQCRINIZFLXURE_NY-PV08455_DELIM-PVCKOPPQCRINIZFLXURE_2020                                           0.75%    passed     99.99%
 118  USA_DELIM-PVCKOPPQCRINIZFLXURE_NY-PV09044_DELIM-PVCKOPPQCRINIZFLXURE_2020                                           0.78%    passed     99.99%
 119  USA_DELIM-PVCKOPPQCRINIZFLXURE_NY-PV09143_DELIM-PVCKOPPQCRINIZFLXURE_2020                                           0.83%    passed     99.98%
 120  USA_DELIM-PVCKOPPQCRINIZFLXURE_VA-DCLS-0053_DELIM-PVCKOPPQCRINIZFLXURE_2020                                         0.51%    passed    100.00%
 121  USA_DELIM-PVCKOPPQCRINIZFLXURE_VA-DCLS-0067_DELIM-PVCKOPPQCRINIZFLXURE_2020                                         0.51%    passed    100.00%
 122  USA_DELIM-PVCKOPPQCRINIZFLXURE_VA-DCLS-0077_DELIM-PVCKOPPQCRINIZFLXURE_2020                                         0.52%    passed    100.00%
 123  USA_DELIM-PVCKOPPQCRINIZFLXURE_VA-DCLS-0115_DELIM-PVCKOPPQCRINIZFLXURE_2020                                         1.67%    passed     99.90%
 124  USA_DELIM-PVCKOPPQCRINIZFLXURE_VA-DCLS-0120_DELIM-PVCKOPPQCRINIZFLXURE_2020                                         0.51%    passed    100.00%
 125  USA_DELIM-PVCKOPPQCRINIZFLXURE_VA-DCLS-0185_DELIM-PVCKOPPQCRINIZFLXURE_2020                                         0.51%    passed    100.00%
 126  USA_DELIM-PVCKOPPQCRINIZFLXURE_VA-DCLS-0188_DELIM-PVCKOPPQCRINIZFLXURE_2020                                         0.51%    passed    100.00%
 127  USA_DELIM-PVCKOPPQCRINIZFLXURE_VA-DCLS-0197_DELIM-PVCKOPPQCRINIZFLXURE_2020                                         0.51%    passed    100.00%
 128  USA_DELIM-PVCKOPPQCRINIZFLXURE_VA-DCLS-0199_DELIM-PVCKOPPQCRINIZFLXURE_2020                                         0.51%    passed    100.00%
 129  USA_DELIM-PVCKOPPQCRINIZFLXURE_WA-NH17_DELIM-PVCKOPPQCRINIZFLXURE_2020                                              0.51%    passed     99.97%
 130  USA_DELIM-PVCKOPPQCRINIZFLXURE_WA-UW-1319_DELIM-PVCKOPPQCRINIZFLXURE_2020                                           0.69%    passed     99.99%
 131  USA_DELIM-PVCKOPPQCRINIZFLXURE_WA-UW-3889_DELIM-PVCKOPPQCRINIZFLXURE_2020                                           0.67%    passed    100.00%
 132  USA_DELIM-PVCKOPPQCRINIZFLXURE_WA-UW-3900_DELIM-PVCKOPPQCRINIZFLXURE_2020                                           0.51%    passed    100.00%
 133  USA_DELIM-PVCKOPPQCRINIZFLXURE_WA-UW-4549_DELIM-PVCKOPPQCRINIZFLXURE_2020                                           0.51%    passed    100.00%
 134  USA_DELIM-PVCKOPPQCRINIZFLXURE_WA-UW-5025_DELIM-PVCKOPPQCRINIZFLXURE_2020                                           0.66%    passed     99.98%
 135  USA_DELIM-PVCKOPPQCRINIZFLXURE_WA-UW-5166_DELIM-PVCKOPPQCRINIZFLXURE_2020                                           0.62%    passed    100.00%
 136  USA_DELIM-PVCKOPPQCRINIZFLXURE_WA-UW-5756_DELIM-PVCKOPPQCRINIZFLXURE_2020                                           0.51%    passed    100.00%
 137  USA_DELIM-PVCKOPPQCRINIZFLXURE_WA-UW-604_DELIM-PVCKOPPQCRINIZFLXURE_2020                                            0.51%    passed     99.99%
 138  USA_DELIM-PVCKOPPQCRINIZFLXURE_WA-UW249_DELIM-PVCKOPPQCRINIZFLXURE_2020                                             0.92%    passed     99.97%
 139  USA_DELIM-PVCKOPPQCRINIZFLXURE_WA-UW286_DELIM-PVCKOPPQCRINIZFLXURE_2020                                             0.71%    passed    100.00%
 140  USA_DELIM-PVCKOPPQCRINIZFLXURE_WA-UW337_DELIM-PVCKOPPQCRINIZFLXURE_2020                                             0.51%    passed    100.00%
 141  USA_DELIM-PVCKOPPQCRINIZFLXURE_WA1_DELIM-PVCKOPPQCRINIZFLXURE_2020                                                  0.51%    passed     99.98%
 142  USA_DELIM-PVCKOPPQCRINIZFLXURE_WA4-UW2_DELIM-PVCKOPPQCRINIZFLXURE_2020                                              0.51%    passed     99.98%
 143  USA_DELIM-PVCKOPPQCRINIZFLXURE_WA_5030_DELIM-PVCKOPPQCRINIZFLXURE_2020                                              0.51%    passed     99.99%
 144  USA_DELIM-PVCKOPPQCRINIZFLXURE_WI-UW-266_DELIM-PVCKOPPQCRINIZFLXURE_2020                                            0.57%    passed     99.97%
 145  USA_DELIM-PVCKOPPQCRINIZFLXURE_WI-UW-351_DELIM-PVCKOPPQCRINIZFLXURE_2020                                            0.57%    passed     99.98%
 146  USA_DELIM-PVCKOPPQCRINIZFLXURE_WI-UW-360_DELIM-PVCKOPPQCRINIZFLXURE_2020                                            0.57%    passed     99.99%
 147  Uruguay_DELIM-PVCKOPPQCRINIZFLXURE_Mdeo-1_DELIM-PVCKOPPQCRINIZFLXURE_2020                                           0.51%    passed     99.99%
 148  Vietnam_DELIM-PVCKOPPQCRINIZFLXURE_nCoV-19-02S_DELIM-PVCKOPPQCRINIZFLXURE_2020                                      0.51%    passed     99.98%
 149  Wuhan_DELIM-PVCKOPPQCRINIZFLXURE_IPBCAMS-WH-03_DELIM-PVCKOPPQCRINIZFLXURE_2019                                      0.51%    passed     99.95%
 150  mink_DELIM-PVCKOPPQCRINIZFLXURE_Netherlands_DELIM-PVCKOPPQCRINIZFLXURE_NB02_06KS_DELIM-PVCKOPPQCRINIZFLXURE_2020    0.52%    passed     99.93%
 151  mink_DELIM-PVCKOPPQCRINIZFLXURE_Netherlands_DELIM-PVCKOPPQCRINIZFLXURE_NB01_01KS_DELIM-PVCKOPPQCRINIZFLXURE_2020    0.96%    passed     99.96%
****  TOTAL                                                                                                               1.11%  0 sequences failed composition chi2 test (p-value<5%; df=3)
NOTE: France_DELIM-PVCKOPPQCRINIZFLXURE_10060KV_DELIM-PVCKOPPQCRINIZFLXURE_2020 is identical to Wuhan_DELIM-PVCKOPPQCRINIZFLXURE_Hu-1_DELIM-PVCKOPPQCRINIZFLXURE_2019 but kept for subsequent analysis
NOTE: USA_DELIM-PVCKOPPQCRINIZFLXURE_WA4-UW2_DELIM-PVCKOPPQCRINIZFLXURE_2020 is identical to ENV_DELIM-PVCKOPPQCRINIZFLXURE_USA_DELIM-PVCKOPPQCRINIZFLXURE_UF-11_DELIM-PVCKOPPQCRINIZFLXURE_2020 but kept for subsequent analysis
NOTE: France_DELIM-PVCKOPPQCRINIZFLXURE_10078MA_DELIM-PVCKOPPQCRINIZFLXURE_2020 is identical to France_DELIM-PVCKOPPQCRINIZFLXURE_10006HC_DELIM-PVCKOPPQCRINIZFLXURE_2020 but kept for subsequent analysis
NOTE: France_DELIM-PVCKOPPQCRINIZFLXURE_40003KA_DELIM-PVCKOPPQCRINIZFLXURE_2020 is identical to France_DELIM-PVCKOPPQCRINIZFLXURE_10015BY_DELIM-PVCKOPPQCRINIZFLXURE_2020 but kept for subsequent analysis
NOTE: Greece_DELIM-PVCKOPPQCRINIZFLXURE_259_31928_DELIM-PVCKOPPQCRINIZFLXURE_2020 is identical to Greece_DELIM-PVCKOPPQCRINIZFLXURE_139_32716_DELIM-PVCKOPPQCRINIZFLXURE_2020 but kept for subsequent analysis
NOTE: USA_DELIM-PVCKOPPQCRINIZFLXURE_VA-DCLS-0199_DELIM-PVCKOPPQCRINIZFLXURE_2020 is identical to USA_DELIM-PVCKOPPQCRINIZFLXURE_VA-DCLS-0197_DELIM-PVCKOPPQCRINIZFLXURE_2020 but kept for subsequent analysis
NOTE: 1 identical sequences (see below) will be ignored for subsequent analysis
NOTE: Greece_DELIM-PVCKOPPQCRINIZFLXURE_37_35684_DELIM-PVCKOPPQCRINIZFLXURE_2020 (identical to Greece_DELIM-PVCKOPPQCRINIZFLXURE_139_32716_DELIM-PVCKOPPQCRINIZFLXURE_2020) is ignored but added at the end
Alignment was printed to results/global/aligned-delim.fasta.uniqueseq.phy

For your convenience alignment with unique sequences printed to results/global/aligned-delim.fasta.uniqueseq.phy

Create initial parsimony tree by phylogenetic likelihood library (PLL)... 0.015 seconds

NOTE: 5 MB RAM (0 GB) is required!
Estimate model parameters (epsilon = 0.500)
1. Initial log-likelihood: -43863.845
2. Current log-likelihood: -43697.580
Optimal log-likelihood: -43697.553
Rate parameters:  A-C: 0.30738  A-G: 1.05709  A-T: 0.16582  C-G: 0.31728  C-T: 3.59885  G-T: 1.00000
Base frequencies:  A: 0.299  C: 0.184  G: 0.196  T: 0.321
Parameters optimization took 2 rounds (0.133 sec)
Computing ML distances based on estimated model parameters...
Computing ML distances took 0.127718 sec (of wall-clock time) 0.254557 sec(of CPU time)
Computing RapidNJ tree took 0.003018 sec (of wall-clock time) 0.007552 sec (of CPU time)
Log-likelihood of RapidNJ tree: -43711.684
--------------------------------------------------------------------
|             INITIALIZING CANDIDATE TREE SET                      |
--------------------------------------------------------------------
Generating 8 parsimony trees... 0.099 second
Computing log-likelihood of 8 initial trees ... 0.077 seconds
Current best score: -43697.533

Do NNI search on 2 best initial trees
BETTER TREE FOUND at iteration 1: -43697.487
BETTER TREE FOUND at iteration 2: -43697.480
Finish initializing candidate tree set (12)
Current best tree score: -43697.480 / CPU time: 0.364
Number of iterations: 2
--------------------------------------------------------------------
|               OPTIMIZING CANDIDATE TREE SET                      |
--------------------------------------------------------------------
TREE SEARCH COMPLETED AFTER 4 ITERATIONS / Time: 0h:0m:0s

--------------------------------------------------------------------
|                    FINALIZING TREE SEARCH                        |
--------------------------------------------------------------------
Performs final model parameters optimization
Estimate model parameters (epsilon = 0.050)
1. Initial log-likelihood: -43697.480
Optimal log-likelihood: -43697.470
Rate parameters:  A-C: 0.30806  A-G: 1.06007  A-T: 0.16034  C-G: 0.31000  C-T: 3.59914  G-T: 1.00000
Base frequencies:  A: 0.299  C: 0.184  G: 0.196  T: 0.321
Parameters optimization took 1 rounds (0.044 sec)
BEST SCORE FOUND : -43697.470
Total tree length: 0.011

Total number of iterations: 4
CPU time used for tree search: 1.402 sec (0h:0m:1s)
Wall-clock time used for tree search: 0.623 sec (0h:0m:0s)
Total CPU time used: 2.165 sec (0h:0m:2s)
Total wall-clock time used: 1.024 sec (0h:0m:1s)

Analysis results written to: 
  IQ-TREE report:                results/global/aligned-delim.fasta.iqtree
  Maximum-likelihood tree:       results/global/aligned-delim.fasta.treefile
  Likelihood distances:          results/global/aligned-delim.fasta.mldist
  Screen log file:               results/global/aligned-delim.fasta.log

Date and Time: Sun Jul  4 12:27:13 2021
